<?xml version="1.0" encoding="UTF-8"?>
<coverage generated="1661458295086" clover="3.2.0">
  <project timestamp="1661458295086" name="All files">
    <metrics statements="42" coveredstatements="40" conditionals="12" coveredconditionals="11" methods="9" coveredmethods="9" elements="63" coveredelements="60" complexity="0" loc="42" ncloc="42" packages="1" files="4" classes="4"/>
    <file name="addlist.js" path="/home/lawrence/Projects/web/microverse/LAWRENCE/projects/module-2/To-Do-List/src/modules/addlist.js">
      <metrics statements="4" coveredstatements="4" conditionals="2" coveredconditionals="2" methods="1" coveredmethods="1"/>
      <line num="1" count="1" type="stmt"/>
      <line num="2" count="3" type="cond" truecount="2" falsecount="0"/>
      <line num="3" count="2" type="stmt"/>
      <line num="9" count="1" type="stmt"/>
    </file>
    <file name="createElements.js" path="/home/lawrence/Projects/web/microverse/LAWRENCE/projects/module-2/To-Do-List/src/modules/createElements.js">
      <metrics statements="31" coveredstatements="29" conditionals="8" coveredconditionals="7" methods="3" coveredmethods="3"/>
      <line num="1" count="2" type="cond" truecount="2" falsecount="0"/>
      <line num="2" count="35" type="stmt"/>
      <line num="4" count="35" type="cond" truecount="2" falsecount="0"/>
      <line num="5" count="14" type="stmt"/>
      <line num="8" count="35" type="cond" truecount="2" falsecount="0"/>
      <line num="9" count="7" type="stmt"/>
      <line num="11" count="35" type="stmt"/>
      <line num="14" count="2" type="stmt"/>
      <line num="15" count="3" type="stmt"/>
      <line num="16" count="7" type="stmt"/>
      <line num="17" count="7" type="stmt"/>
      <line num="18" count="7" type="stmt"/>
      <line num="19" count="7" type="stmt"/>
      <line num="20" count="7" type="stmt"/>
      <line num="22" count="7" type="stmt"/>
      <line num="23" count="7" type="stmt"/>
      <line num="24" count="7" type="stmt"/>
      <line num="26" count="7" type="cond" truecount="1" falsecount="1"/>
      <line num="27" count="0" type="stmt"/>
      <line num="28" count="0" type="stmt"/>
      <line num="31" count="7" type="stmt"/>
      <line num="32" count="7" type="stmt"/>
      <line num="34" count="7" type="stmt"/>
      <line num="36" count="7" type="stmt"/>
      <line num="37" count="7" type="stmt"/>
      <line num="42" count="7" type="stmt"/>
      <line num="43" count="7" type="stmt"/>
      <line num="44" count="7" type="stmt"/>
      <line num="45" count="7" type="stmt"/>
      <line num="46" count="7" type="stmt"/>
      <line num="47" count="7" type="stmt"/>
    </file>
    <file name="delete.js" path="/home/lawrence/Projects/web/microverse/LAWRENCE/projects/module-2/To-Do-List/src/modules/delete.js">
      <metrics statements="5" coveredstatements="5" conditionals="2" coveredconditionals="2" methods="4" coveredmethods="4"/>
      <line num="1" count="2" type="stmt"/>
      <line num="2" count="3" type="cond" truecount="2" falsecount="0"/>
      <line num="3" count="2" type="stmt"/>
      <line num="5" count="2" type="stmt"/>
      <line num="8" count="12" type="stmt"/>
    </file>
    <file name="remove.js" path="/home/lawrence/Projects/web/microverse/LAWRENCE/projects/module-2/To-Do-List/src/modules/remove.js">
      <metrics statements="2" coveredstatements="2" conditionals="0" coveredconditionals="0" methods="1" coveredmethods="1"/>
      <line num="1" count="1" type="stmt"/>
      <line num="2" count="1" type="stmt"/>
    </file>
  </project>
</coverage>
