<?xml version="1.0" encoding="UTF-8"?>
<coverage generated="1661420648104" clover="3.2.0">
  <project timestamp="1661420648106" name="All files">
    <metrics statements="9" coveredstatements="9" conditionals="4" coveredconditionals="4" methods="5" coveredmethods="5" elements="18" coveredelements="18" complexity="0" loc="9" ncloc="9" packages="1" files="2" classes="2"/>
    <file name="addlist.js" path="/home/tommymarvel/kusi-todo-list/To-Do-List/src/modules/addlist.js">
      <metrics statements="4" coveredstatements="4" conditionals="2" coveredconditionals="2" methods="1" coveredmethods="1"/>
      <line num="1" count="1" type="stmt"/>
      <line num="2" count="3" type="cond" truecount="2" falsecount="0"/>
      <line num="3" count="2" type="stmt"/>
      <line num="9" count="1" type="stmt"/>
    </file>
    <file name="delete.js" path="/home/tommymarvel/kusi-todo-list/To-Do-List/src/modules/delete.js">
      <metrics statements="5" coveredstatements="5" conditionals="2" coveredconditionals="2" methods="4" coveredmethods="4"/>
      <line num="1" count="1" type="stmt"/>
      <line num="2" count="3" type="cond" truecount="2" falsecount="0"/>
      <line num="3" count="2" type="stmt"/>
      <line num="5" count="2" type="stmt"/>
      <line num="10" count="8" type="stmt"/>
    </file>
  </project>
</coverage>
