{"/home/lawrence/Projects/web/microverse/LAWRENCE/projects/module-2/To-Do-List/src/modules/addlist.js": {"path":"/home/lawrence/Projects/web/microverse/LAWRENCE/projects/module-2/To-Do-List/src/modules/addlist.js","statementMap":{"0":{"start":{"line":1,"column":18},"end":{"line":10,"column":1}},"1":{"start":{"line":2,"column":2},"end":{"line":8,"column":3}},"2":{"start":{"line":3,"column":4},"end":{"line":7,"column":7}},"3":{"start":{"line":9,"column":2},"end":{"line":9,"column":13}}},"fnMap":{"0":{"name":"(anonymous_0)","decl":{"start":{"line":1,"column":18},"end":{"line":1,"column":19}},"loc":{"start":{"line":1,"column":33},"end":{"line":10,"column":1}},"line":1}},"branchMap":{"0":{"loc":{"start":{"line":2,"column":2},"end":{"line":8,"column":3}},"type":"if","locations":[{"start":{"line":2,"column":2},"end":{"line":8,"column":3}},{"start":{},"end":{}}],"line":2}},"s":{"0":1,"1":3,"2":2,"3":1},"f":{"0":3},"b":{"0":[2,1]},"_coverageSchema":"1a1c01bbd47fc00a2c39e90264f33305004495a9","hash":"18f18c7b5d7666a9b868fb992eccf6523b91999f"}
,"/home/lawrence/Projects/web/microverse/LAWRENCE/projects/module-2/To-Do-List/src/modules/createElements.js": {"path":"/home/lawrence/Projects/web/microverse/LAWRENCE/projects/module-2/To-Do-List/src/modules/createElements.js","statementMap":{"0":{"start":{"line":1,"column":24},"end":{"line":12,"column":1}},"1":{"start":{"line":2,"column":14},"end":{"line":2,"column":40}},"2":{"start":{"line":4,"column":2},"end":{"line":6,"column":3}},"3":{"start":{"line":5,"column":4},"end":{"line":5,"column":17}},"4":{"start":{"line":8,"column":2},"end":{"line":10,"column":3}},"5":{"start":{"line":9,"column":4},"end":{"line":9,"column":23}},"6":{"start":{"line":11,"column":2},"end":{"line":11,"column":13}},"7":{"start":{"line":14,"column":22},"end":{"line":49,"column":1}},"8":{"start":{"line":15,"column":2},"end":{"line":48,"column":5}},"9":{"start":{"line":16,"column":16},"end":{"line":16,"column":38}},"10":{"start":{"line":17,"column":21},"end":{"line":17,"column":68}},"11":{"start":{"line":18,"column":4},"end":{"line":18,"column":46}},"12":{"start":{"line":19,"column":4},"end":{"line":19,"column":46}},"13":{"start":{"line":20,"column":4},"end":{"line":20,"column":55}},"14":{"start":{"line":22,"column":18},"end":{"line":22,"column":68}},"15":{"start":{"line":23,"column":4},"end":{"line":23,"column":49}},"16":{"start":{"line":24,"column":4},"end":{"line":24,"column":43}},"17":{"start":{"line":26,"column":4},"end":{"line":29,"column":5}},"18":{"start":{"line":27,"column":6},"end":{"line":27,"column":50}},"19":{"start":{"line":28,"column":6},"end":{"line":28,"column":45}},"20":{"start":{"line":31,"column":4},"end":{"line":31,"column":30}},"21":{"start":{"line":32,"column":4},"end":{"line":33,"column":4}},"22":{"start":{"line":34,"column":4},"end":{"line":34,"column":27}},"23":{"start":{"line":36,"column":17},"end":{"line":36,"column":39}},"24":{"start":{"line":37,"column":4},"end":{"line":40,"column":5}},"25":{"start":{"line":42,"column":15},"end":{"line":42,"column":49}},"26":{"start":{"line":43,"column":4},"end":{"line":43,"column":45}},"27":{"start":{"line":44,"column":4},"end":{"line":44,"column":24}},"28":{"start":{"line":45,"column":4},"end":{"line":45,"column":25}},"29":{"start":{"line":46,"column":4},"end":{"line":46,"column":41}},"30":{"start":{"line":47,"column":4},"end":{"line":47,"column":23}}},"fnMap":{"0":{"name":"(anonymous_0)","decl":{"start":{"line":1,"column":24},"end":{"line":1,"column":25}},"loc":{"start":{"line":1,"column":51},"end":{"line":12,"column":1}},"line":1},"1":{"name":"(anonymous_1)","decl":{"start":{"line":14,"column":22},"end":{"line":14,"column":23}},"loc":{"start":{"line":14,"column":34},"end":{"line":49,"column":1}},"line":14},"2":{"name":"(anonymous_2)","decl":{"start":{"line":15,"column":13},"end":{"line":15,"column":14}},"loc":{"start":{"line":15,"column":22},"end":{"line":48,"column":3}},"line":15}},"branchMap":{"0":{"loc":{"start":{"line":1,"column":29},"end":{"line":1,"column":36}},"type":"default-arg","locations":[{"start":{"line":1,"column":34},"end":{"line":1,"column":36}}],"line":1},"1":{"loc":{"start":{"line":1,"column":38},"end":{"line":1,"column":46}},"type":"default-arg","locations":[{"start":{"line":1,"column":44},"end":{"line":1,"column":46}}],"line":1},"2":{"loc":{"start":{"line":4,"column":2},"end":{"line":6,"column":3}},"type":"if","locations":[{"start":{"line":4,"column":2},"end":{"line":6,"column":3}},{"start":{},"end":{}}],"line":4},"3":{"loc":{"start":{"line":8,"column":2},"end":{"line":10,"column":3}},"type":"if","locations":[{"start":{"line":8,"column":2},"end":{"line":10,"column":3}},{"start":{},"end":{}}],"line":8},"4":{"loc":{"start":{"line":26,"column":4},"end":{"line":29,"column":5}},"type":"if","locations":[{"start":{"line":26,"column":4},"end":{"line":29,"column":5}},{"start":{},"end":{}}],"line":26}},"s":{"0":3,"1":35,"2":35,"3":14,"4":35,"5":7,"6":35,"7":3,"8":3,"9":7,"10":7,"11":7,"12":7,"13":7,"14":7,"15":7,"16":7,"17":7,"18":0,"19":0,"20":7,"21":7,"22":7,"23":7,"24":7,"25":7,"26":7,"27":7,"28":7,"29":7,"30":7},"f":{"0":35,"1":3,"2":7},"b":{"0":[14],"1":[21],"2":[14,21],"3":[7,28],"4":[0,7]},"_coverageSchema":"1a1c01bbd47fc00a2c39e90264f33305004495a9","hash":"19f11a5e37d62cb2f6f8e0568d082896de79afbd"}
,"/home/lawrence/Projects/web/microverse/LAWRENCE/projects/module-2/To-Do-List/src/modules/delete.js": {"path":"/home/lawrence/Projects/web/microverse/LAWRENCE/projects/module-2/To-Do-List/src/modules/delete.js","statementMap":{"0":{"start":{"line":1,"column":19},"end":{"line":6,"column":1}},"1":{"start":{"line":2,"column":2},"end":{"line":4,"column":3}},"2":{"start":{"line":3,"column":4},"end":{"line":3,"column":54}},"3":{"start":{"line":3,"column":32},"end":{"line":3,"column":52}},"4":{"start":{"line":5,"column":2},"end":{"line":5,"column":13}},"5":{"start":{"line":8,"column":23},"end":{"line":8,"column":79}},"6":{"start":{"line":8,"column":32},"end":{"line":8,"column":79}},"7":{"start":{"line":8,"column":53},"end":{"line":8,"column":78}}},"fnMap":{"0":{"name":"(anonymous_0)","decl":{"start":{"line":1,"column":19},"end":{"line":1,"column":20}},"loc":{"start":{"line":1,"column":35},"end":{"line":6,"column":1}},"line":1},"1":{"name":"(anonymous_1)","decl":{"start":{"line":3,"column":22},"end":{"line":3,"column":23}},"loc":{"start":{"line":3,"column":32},"end":{"line":3,"column":52}},"line":3},"2":{"name":"(anonymous_2)","decl":{"start":{"line":8,"column":23},"end":{"line":8,"column":24}},"loc":{"start":{"line":8,"column":32},"end":{"line":8,"column":79}},"line":8},"3":{"name":"(anonymous_3)","decl":{"start":{"line":8,"column":43},"end":{"line":8,"column":44}},"loc":{"start":{"line":8,"column":53},"end":{"line":8,"column":78}},"line":8}},"branchMap":{"0":{"loc":{"start":{"line":2,"column":2},"end":{"line":4,"column":3}},"type":"if","locations":[{"start":{"line":2,"column":2},"end":{"line":4,"column":3}},{"start":{},"end":{}}],"line":2}},"s":{"0":3,"1":3,"2":1,"3":2,"4":2,"5":3,"6":5,"7":12},"f":{"0":3,"1":2,"2":5,"3":12},"b":{"0":[1,2]},"_coverageSchema":"1a1c01bbd47fc00a2c39e90264f33305004495a9","hash":"ed907e37128ef29cc176e099d5ed24a85bb4547d"}
,"/home/lawrence/Projects/web/microverse/LAWRENCE/projects/module-2/To-Do-List/src/modules/remove.js": {"path":"/home/lawrence/Projects/web/microverse/LAWRENCE/projects/module-2/To-Do-List/src/modules/remove.js","statementMap":{"0":{"start":{"line":1,"column":23},"end":{"line":3,"column":1}},"1":{"start":{"line":2,"column":2},"end":{"line":2,"column":19}}},"fnMap":{"0":{"name":"(anonymous_0)","decl":{"start":{"line":1,"column":23},"end":{"line":1,"column":24}},"loc":{"start":{"line":1,"column":36},"end":{"line":3,"column":1}},"line":1}},"branchMap":{},"s":{"0":1,"1":1},"f":{"0":1},"b":{},"_coverageSchema":"1a1c01bbd47fc00a2c39e90264f33305004495a9","hash":"475512c750d4d4841086317201f91e74832fa4a6"}
,"/home/lawrence/Projects/web/microverse/LAWRENCE/projects/module-2/To-Do-List/src/modules/update.js": {"path":"/home/lawrence/Projects/web/microverse/LAWRENCE/projects/module-2/To-Do-List/src/modules/update.js","statementMap":{"0":{"start":{"line":1,"column":20},"end":{"line":7,"column":1}},"1":{"start":{"line":2,"column":14},"end":{"line":2,"column":15}},"2":{"start":{"line":3,"column":2},"end":{"line":6,"column":5}},"3":{"start":{"line":4,"column":4},"end":{"line":4,"column":23}},"4":{"start":{"line":5,"column":4},"end":{"line":5,"column":15}},"5":{"start":{"line":9,"column":19},"end":{"line":16,"column":1}},"6":{"start":{"line":11,"column":2},"end":{"line":15,"column":5}},"7":{"start":{"line":12,"column":4},"end":{"line":14,"column":5}},"8":{"start":{"line":13,"column":6},"end":{"line":13,"column":32}}},"fnMap":{"0":{"name":"(anonymous_0)","decl":{"start":{"line":1,"column":20},"end":{"line":1,"column":21}},"loc":{"start":{"line":1,"column":29},"end":{"line":7,"column":1}},"line":1},"1":{"name":"(anonymous_1)","decl":{"start":{"line":3,"column":14},"end":{"line":3,"column":15}},"loc":{"start":{"line":3,"column":24},"end":{"line":6,"column":3}},"line":3},"2":{"name":"(anonymous_2)","decl":{"start":{"line":9,"column":19},"end":{"line":9,"column":20}},"loc":{"start":{"line":9,"column":55},"end":{"line":16,"column":1}},"line":9},"3":{"name":"(anonymous_3)","decl":{"start":{"line":11,"column":14},"end":{"line":11,"column":15}},"loc":{"start":{"line":11,"column":24},"end":{"line":15,"column":3}},"line":11}},"branchMap":{"0":{"loc":{"start":{"line":12,"column":4},"end":{"line":14,"column":5}},"type":"if","locations":[{"start":{"line":12,"column":4},"end":{"line":14,"column":5}},{"start":{},"end":{}}],"line":12}},"s":{"0":1,"1":1,"2":1,"3":2,"4":2,"5":1,"6":0,"7":0,"8":0},"f":{"0":1,"1":2,"2":0,"3":0},"b":{"0":[0,0]},"_coverageSchema":"1a1c01bbd47fc00a2c39e90264f33305004495a9","hash":"9d55fa5e9ff0fb5bbf2145758fc822828232df17"}
}
