{"/home/tommymarvel/kusi-todo-list/To-Do-List/src/modules/addlist.js": {"path":"/home/tommymarvel/kusi-todo-list/To-Do-List/src/modules/addlist.js","statementMap":{"0":{"start":{"line":1,"column":18},"end":{"line":11,"column":1}},"1":{"start":{"line":2,"column":0},"end":{"line":10,"column":1}},"2":{"start":{"line":3,"column":1},"end":{"line":7,"column":3}},"3":{"start":{"line":9,"column":1},"end":{"line":9,"column":11}}},"fnMap":{"0":{"name":"(anonymous_0)","decl":{"start":{"line":1,"column":18},"end":{"line":1,"column":19}},"loc":{"start":{"line":1,"column":33},"end":{"line":11,"column":1}},"line":1}},"branchMap":{"0":{"loc":{"start":{"line":2,"column":0},"end":{"line":10,"column":1}},"type":"if","locations":[{"start":{"line":2,"column":0},"end":{"line":10,"column":1}},{"start":{"line":8,"column":5},"end":{"line":10,"column":1}}],"line":2}},"s":{"0":1,"1":3,"2":2,"3":1},"f":{"0":3},"b":{"0":[2,1]},"_coverageSchema":"1a1c01bbd47fc00a2c39e90264f33305004495a9","hash":"2c51a5aef07f17014c5749690a0455a3e5daf6ee"}
,"/home/tommymarvel/kusi-todo-list/To-Do-List/src/modules/delete.js": {"path":"/home/tommymarvel/kusi-todo-list/To-Do-List/src/modules/delete.js","statementMap":{"0":{"start":{"line":1,"column":19},"end":{"line":8,"column":1}},"1":{"start":{"line":2,"column":0},"end":{"line":4,"column":1}},"2":{"start":{"line":3,"column":1},"end":{"line":3,"column":51}},"3":{"start":{"line":3,"column":29},"end":{"line":3,"column":49}},"4":{"start":{"line":5,"column":1},"end":{"line":5,"column":11}},"5":{"start":{"line":10,"column":23},"end":{"line":10,"column":79}},"6":{"start":{"line":10,"column":32},"end":{"line":10,"column":79}},"7":{"start":{"line":10,"column":53},"end":{"line":10,"column":78}}},"fnMap":{"0":{"name":"(anonymous_0)","decl":{"start":{"line":1,"column":19},"end":{"line":1,"column":20}},"loc":{"start":{"line":1,"column":35},"end":{"line":8,"column":1}},"line":1},"1":{"name":"(anonymous_1)","decl":{"start":{"line":3,"column":19},"end":{"line":3,"column":20}},"loc":{"start":{"line":3,"column":29},"end":{"line":3,"column":49}},"line":3},"2":{"name":"(anonymous_2)","decl":{"start":{"line":10,"column":23},"end":{"line":10,"column":24}},"loc":{"start":{"line":10,"column":32},"end":{"line":10,"column":79}},"line":10},"3":{"name":"(anonymous_3)","decl":{"start":{"line":10,"column":43},"end":{"line":10,"column":44}},"loc":{"start":{"line":10,"column":53},"end":{"line":10,"column":78}},"line":10}},"branchMap":{"0":{"loc":{"start":{"line":2,"column":0},"end":{"line":4,"column":1}},"type":"if","locations":[{"start":{"line":2,"column":0},"end":{"line":4,"column":1}},{"start":{},"end":{}}],"line":2}},"s":{"0":1,"1":3,"2":1,"3":2,"4":2,"5":1,"6":3,"7":8},"f":{"0":3,"1":2,"2":3,"3":8},"b":{"0":[1,2]},"_coverageSchema":"1a1c01bbd47fc00a2c39e90264f33305004495a9","hash":"032d5fa1a8abe828d7e3d3dc2739f0c368fcfb96"}
}
