TN:
SF:src/modules/addlist.js
FN:1,(anonymous_0)
FNF:1
FNH:1
FNDA:3,(anonymous_0)
DA:1,1
DA:2,3
DA:3,2
DA:9,1
LF:4
LH:4
BRDA:2,0,0,2
BRDA:2,0,1,1
BRF:2
BRH:2
end_of_record
TN:
SF:src/modules/createElements.js
FN:1,(anonymous_0)
FN:14,(anonymous_1)
FN:15,(anonymous_2)
FNF:3
FNH:3
FNDA:35,(anonymous_0)
FNDA:3,(anonymous_1)
FNDA:7,(anonymous_2)
DA:1,2
DA:2,35
DA:4,35
DA:5,14
DA:8,35
DA:9,7
DA:11,35
DA:14,2
DA:15,3
DA:16,7
DA:17,7
DA:18,7
DA:19,7
DA:20,7
DA:22,7
DA:23,7
DA:24,7
DA:26,7
DA:27,0
DA:28,0
DA:31,7
DA:32,7
DA:34,7
DA:36,7
DA:37,7
DA:42,7
DA:43,7
DA:44,7
DA:45,7
DA:46,7
DA:47,7
LF:31
LH:29
BRDA:1,0,0,14
BRDA:1,1,0,21
BRDA:4,2,0,14
BRDA:4,2,1,21
BRDA:8,3,0,7
BRDA:8,3,1,28
BRDA:26,4,0,0
BRDA:26,4,1,7
BRF:8
BRH:7
end_of_record
TN:
SF:src/modules/delete.js
FN:1,(anonymous_0)
FN:3,(anonymous_1)
FN:8,(anonymous_2)
FN:8,(anonymous_3)
FNF:4
FNH:4
FNDA:3,(anonymous_0)
FNDA:2,(anonymous_1)
FNDA:5,(anonymous_2)
FNDA:12,(anonymous_3)
DA:1,2
DA:2,3
DA:3,2
DA:5,2
DA:8,12
LF:5
LH:5
BRDA:2,0,0,1
BRDA:2,0,1,2
BRF:2
BRH:2
end_of_record
TN:
SF:src/modules/remove.js
FN:1,(anonymous_0)
FNF:1
FNH:1
FNDA:1,(anonymous_0)
DA:1,1
DA:2,1
LF:2
LH:2
BRF:0
BRH:0
end_of_record
